<?xml version="1.0" encoding="UTF-8"?>
<testng-results ignored="0" total="1" passed="1" failed="0" skipped="0">
  <reporter-output>
  </reporter-output>
  <suite started-at="2023-01-19T16:11:41 IST" name="Suite" finished-at="2023-01-19T16:12:47 IST" duration-ms="65855">
    <groups>
    </groups>
    <test started-at="2023-01-19T16:11:41 IST" name="Test" finished-at="2023-01-19T16:12:47 IST" duration-ms="65855">
      <class name="Test_Classes.Test__1">
        <test-method is-config="true" signature="openBrowser12()[pri:0, instance:Test_Classes.Test__1@479d31f3]" started-at="2023-01-19T16:11:41 IST" name="openBrowser12" finished-at="2023-01-19T16:12:21 IST" duration-ms="39364" status="PASS">
          <reporter-output>
          </reporter-output>
        </test-method> <!-- openBrowser12 -->
        <test-method is-config="true" signature="login12()[pri:0, instance:Test_Classes.Test__1@479d31f3]" started-at="2023-01-19T16:12:21 IST" name="login12" finished-at="2023-01-19T16:12:34 IST" duration-ms="12905" status="PASS">
          <reporter-output>
          </reporter-output>
        </test-method> <!-- login12 -->
        <test-method signature="verifyusername12()[pri:0, instance:Test_Classes.Test__1@479d31f3]" started-at="2023-01-19T16:12:34 IST" name="verifyusername12" finished-at="2023-01-19T16:12:34 IST" duration-ms="490" status="PASS">
          <reporter-output>
          </reporter-output>
        </test-method> <!-- verifyusername12 -->
        <test-method is-config="true" signature="logout12(org.testng.ITestResult)[pri:0, instance:Test_Classes.Test__1@479d31f3]" started-at="2023-01-19T16:12:34 IST" name="logout12" finished-at="2023-01-19T16:12:37 IST" duration-ms="2860" status="PASS">
          <params>
            <param index="0">
              <value>
                <![CDATA[[TestResult name=verifyusername12 status=SUCCESS method=Test__1.verifyusername12()[pri:0, instance:Test_Classes.Test__1@479d31f3] output={null}]]]>
              </value>
            </param>
          </params>
          <reporter-output>
          </reporter-output>
        </test-method> <!-- logout12 -->
        <test-method is-config="true" signature="closeBrowser()[pri:0, instance:Test_Classes.Test__1@479d31f3]" started-at="2023-01-19T16:12:37 IST" name="closeBrowser" finished-at="2023-01-19T16:12:47 IST" duration-ms="9890" status="PASS">
          <reporter-output>
          </reporter-output>
        </test-method> <!-- closeBrowser -->
      </class> <!-- Test_Classes.Test__1 -->
    </test> <!-- Test -->
  </suite> <!-- Suite -->
</testng-results>
